<?xml version="1.0" encoding="UTF-8"?>
<testng-results ignored="0" total="1" passed="1" failed="0" skipped="0">
  <reporter-output>
  </reporter-output>
  <suite started-at="2025-09-17T13:09:43 IST" name="Default suite" finished-at="2025-09-17T13:09:55 IST" duration-ms="12744">
    <groups>
    </groups>
    <test started-at="2025-09-17T13:09:43 IST" name="Default test" finished-at="2025-09-17T13:09:55 IST" duration-ms="12744">
      <class name="tests.LoginTest">
        <test-method is-config="true" signature="setUp()[pri:0, instance:tests.LoginTest@71d44a3]" started-at="2025-09-17T13:09:43 IST" name="setUp" finished-at="2025-09-17T13:09:46 IST" duration-ms="3011" status="PASS">
          <reporter-output>
          </reporter-output>
        </test-method> <!-- setUp -->
        <test-method signature="testLogin()[pri:0, instance:tests.LoginTest@71d44a3]" started-at="2025-09-17T13:09:46 IST" name="testLogin" finished-at="2025-09-17T13:09:55 IST" duration-ms="9405" status="PASS">
          <reporter-output>
          </reporter-output>
        </test-method> <!-- testLogin -->
        <test-method is-config="true" signature="tearDown()[pri:0, instance:tests.LoginTest@71d44a3]" started-at="2025-09-17T13:09:55 IST" name="tearDown" finished-at="2025-09-17T13:09:55 IST" duration-ms="196" status="PASS">
          <reporter-output>
          </reporter-output>
        </test-method> <!-- tearDown -->
      </class> <!-- tests.LoginTest -->
    </test> <!-- Default test -->
  </suite> <!-- Default suite -->
</testng-results>
